<?xml version="1.0" encoding="UTF-8"?>
<!-- Generated by org.testng.reporters.JUnitReportReporter -->
<testsuite hostname="DESKTOP-4DKG3IL" failures="0" tests="1" name="com.qa.testcases.HomepageTest" time="20.710" errors="0" timestamp="2023-07-01T12:42:42 IST" skipped="0">
  <testcase classname="com.qa.testcases.HomepageTest" name="gettitlecomtats" time="20.710"/>
</testsuite> <!-- com.qa.testcases.HomepageTest -->
