<?xml version="1.0" encoding="UTF-8"?>
<!-- Generated by org.testng.reporters.JUnitReportReporter -->
<testsuite hostname="DESKTOP-4DKG3IL" failures="0" tests="1" name="com.qa.testcases.HomepageTest" time="23.789" errors="0" timestamp="2023-07-01T13:12:48 IST" skipped="0">
  <testcase classname="com.qa.testcases.HomepageTest" name="gettitlecomtats" time="23.789"/>
</testsuite> <!-- com.qa.testcases.HomepageTest -->
