<?xml version="1.0" encoding="UTF-8"?>
<!-- Generated by org.testng.reporters.JUnitReportReporter -->
<testsuite hostname="DESKTOP-4DKG3IL" failures="0" tests="2" name="com.qa.testcases.LoginpageTest" time="14.687" errors="0" timestamp="2023-07-01T13:12:48 IST" skipped="0">
  <testcase classname="com.qa.testcases.LoginpageTest" name="clicklogin" time="9.085"/>
  <testcase classname="com.qa.testcases.LoginpageTest" name="verifytitle" time="5.602"/>
</testsuite> <!-- com.qa.testcases.LoginpageTest -->
